app/build/intermediates/manifest_merge_blame_file/debug/manifest-merger-blame-debug-report.txt
1<?xml version="1.0" encoding="utf-8"?>
2<manifest xmlns:android="http://schemas.android.com/apk/res/android"
3    package="com.elitsa.libraries.cinemaapp"
4    android:versionCode="1"
5    android:versionName="1.0" >
6
7    <uses-sdk
8        android:minSdkVersion="21"
8-->src\main\AndroidManifest.xml
9        android:targetSdkVersion="29" />
9-->src\main\AndroidManifest.xml
10
11    <uses-permission android:name="android.permission.ACCESS_NETWORK_STATE" />
11-->src\main\AndroidManifest.xml:5:5-79
11-->src\main\AndroidManifest.xml:5:22-76
12    <uses-permission android:name="android.permission.INTERNET" />
12-->src\main\AndroidManifest.xml:6:5-67
12-->src\main\AndroidManifest.xml:6:22-64
13    <uses-permission android:name="android.permission.WAKE_LOCK" />
13-->[androidx.work:work-runtime:2.2.0] AndroidManifest.xml:25:5-68
13-->[androidx.work:work-runtime:2.2.0] AndroidManifest.xml:25:22-65
14    <uses-permission android:name="android.permission.RECEIVE_BOOT_COMPLETED" />
14-->[androidx.work:work-runtime:2.2.0] AndroidManifest.xml:27:5-81
14-->[androidx.work:work-runtime:2.2.0] AndroidManifest.xml:27:22-78
15
16    <application
16-->src\main\AndroidManifest.xml:8:5-25:19
17        android:name="com.elitsa.libraries.cinemaapp.app.CinemaApp"
17-->src\main\AndroidManifest.xml:9:9-38
18        android:allowBackup="true"
18-->src\main\AndroidManifest.xml:10:9-35
19        android:appComponentFactory="androidx.core.app.CoreComponentFactory"
19-->[androidx.core:core:1.1.0] AndroidManifest.xml:24:18-86
20        android:debuggable="true"
21        android:icon="@mipmap/ic_launcher"
21-->src\main\AndroidManifest.xml:11:9-43
22        android:label="@string/app_name"
22-->src\main\AndroidManifest.xml:12:9-41
23        android:roundIcon="@mipmap/ic_launcher_round"
23-->src\main\AndroidManifest.xml:13:9-54
24        android:supportsRtl="true"
24-->src\main\AndroidManifest.xml:14:9-35
25        android:testOnly="true"
26        android:theme="@style/AppTheme" >
26-->src\main\AndroidManifest.xml:15:9-40
27        <activity android:name="com.elitsa.libraries.cinemaapp.ui.movie_detail.MovieDetailActivity" />
27-->src\main\AndroidManifest.xml:16:9-82
27-->src\main\AndroidManifest.xml:16:19-70
28        <activity android:name="com.elitsa.libraries.cinemaapp.ui.movie_list.MovieListActivity" />
28-->src\main\AndroidManifest.xml:17:9-69
28-->src\main\AndroidManifest.xml:17:19-66
29        <activity android:name="com.elitsa.libraries.cinemaapp.ui.home.MainActivity" >
29-->src\main\AndroidManifest.xml:18:9-24:20
29-->src\main\AndroidManifest.xml:18:19-55
30            <intent-filter>
30-->src\main\AndroidManifest.xml:19:13-23:29
31                <action android:name="android.intent.action.MAIN" />
31-->src\main\AndroidManifest.xml:20:17-69
31-->src\main\AndroidManifest.xml:20:25-66
32
33                <category android:name="android.intent.category.LAUNCHER" />
33-->src\main\AndroidManifest.xml:22:17-77
33-->src\main\AndroidManifest.xml:22:27-74
34            </intent-filter>
35        </activity>
36
37        <provider
37-->[androidx.work:work-runtime:2.2.0] AndroidManifest.xml:30:9-36:35
38            android:name="androidx.work.impl.WorkManagerInitializer"
38-->[androidx.work:work-runtime:2.2.0] AndroidManifest.xml:31:13-69
39            android:authorities="com.elitsa.libraries.cinemaapp.workmanager-init"
39-->[androidx.work:work-runtime:2.2.0] AndroidManifest.xml:32:13-68
40            android:directBootAware="false"
40-->[androidx.work:work-runtime:2.2.0] AndroidManifest.xml:33:13-44
41            android:exported="false"
41-->[androidx.work:work-runtime:2.2.0] AndroidManifest.xml:34:13-37
42            android:multiprocess="true" />
42-->[androidx.work:work-runtime:2.2.0] AndroidManifest.xml:35:13-40
43
44        <service
44-->[androidx.work:work-runtime:2.2.0] AndroidManifest.xml:38:9-43:35
45            android:name="androidx.work.impl.background.systemalarm.SystemAlarmService"
45-->[androidx.work:work-runtime:2.2.0] AndroidManifest.xml:39:13-88
46            android:directBootAware="false"
46-->[androidx.work:work-runtime:2.2.0] AndroidManifest.xml:40:13-44
47            android:enabled="@bool/enable_system_alarm_service_default"
47-->[androidx.work:work-runtime:2.2.0] AndroidManifest.xml:41:13-72
48            android:exported="false" />
48-->[androidx.work:work-runtime:2.2.0] AndroidManifest.xml:42:13-37
49        <service
49-->[androidx.work:work-runtime:2.2.0] AndroidManifest.xml:44:9-50:35
50            android:name="androidx.work.impl.background.systemjob.SystemJobService"
50-->[androidx.work:work-runtime:2.2.0] AndroidManifest.xml:45:13-84
51            android:directBootAware="false"
51-->[androidx.work:work-runtime:2.2.0] AndroidManifest.xml:46:13-44
52            android:enabled="@bool/enable_system_job_service_default"
52-->[androidx.work:work-runtime:2.2.0] AndroidManifest.xml:47:13-70
53            android:exported="true"
53-->[androidx.work:work-runtime:2.2.0] AndroidManifest.xml:48:13-36
54            android:permission="android.permission.BIND_JOB_SERVICE" />
54-->[androidx.work:work-runtime:2.2.0] AndroidManifest.xml:49:13-69
55
56        <receiver
56-->[androidx.work:work-runtime:2.2.0] AndroidManifest.xml:52:9-57:35
57            android:name="androidx.work.impl.utils.ForceStopRunnable$BroadcastReceiver"
57-->[androidx.work:work-runtime:2.2.0] AndroidManifest.xml:53:13-88
58            android:directBootAware="false"
58-->[androidx.work:work-runtime:2.2.0] AndroidManifest.xml:54:13-44
59            android:enabled="true"
59-->[androidx.work:work-runtime:2.2.0] AndroidManifest.xml:55:13-35
60            android:exported="false" />
60-->[androidx.work:work-runtime:2.2.0] AndroidManifest.xml:56:13-37
61        <receiver
61-->[androidx.work:work-runtime:2.2.0] AndroidManifest.xml:58:9-68:20
62            android:name="androidx.work.impl.background.systemalarm.ConstraintProxy$BatteryChargingProxy"
62-->[androidx.work:work-runtime:2.2.0] AndroidManifest.xml:59:13-106
63            android:directBootAware="false"
63-->[androidx.work:work-runtime:2.2.0] AndroidManifest.xml:60:13-44
64            android:enabled="false"
64-->[androidx.work:work-runtime:2.2.0] AndroidManifest.xml:61:13-36
65            android:exported="false" >
65-->[androidx.work:work-runtime:2.2.0] AndroidManifest.xml:62:13-37
66            <intent-filter>
66-->[androidx.work:work-runtime:2.2.0] AndroidManifest.xml:64:13-67:29
67                <action android:name="android.intent.action.ACTION_POWER_CONNECTED" />
67-->[androidx.work:work-runtime:2.2.0] AndroidManifest.xml:65:17-87
67-->[androidx.work:work-runtime:2.2.0] AndroidManifest.xml:65:25-84
68                <action android:name="android.intent.action.ACTION_POWER_DISCONNECTED" />
68-->[androidx.work:work-runtime:2.2.0] AndroidManifest.xml:66:17-90
68-->[androidx.work:work-runtime:2.2.0] AndroidManifest.xml:66:25-87
69            </intent-filter>
70        </receiver>
71        <receiver
71-->[androidx.work:work-runtime:2.2.0] AndroidManifest.xml:69:9-79:20
72            android:name="androidx.work.impl.background.systemalarm.ConstraintProxy$BatteryNotLowProxy"
72-->[androidx.work:work-runtime:2.2.0] AndroidManifest.xml:70:13-104
73            android:directBootAware="false"
73-->[androidx.work:work-runtime:2.2.0] AndroidManifest.xml:71:13-44
74            android:enabled="false"
74-->[androidx.work:work-runtime:2.2.0] AndroidManifest.xml:72:13-36
75            android:exported="false" >
75-->[androidx.work:work-runtime:2.2.0] AndroidManifest.xml:73:13-37
76            <intent-filter>
76-->[androidx.work:work-runtime:2.2.0] AndroidManifest.xml:75:13-78:29
77                <action android:name="android.intent.action.BATTERY_OKAY" />
77-->[androidx.work:work-runtime:2.2.0] AndroidManifest.xml:76:17-77
77-->[androidx.work:work-runtime:2.2.0] AndroidManifest.xml:76:25-74
78                <action android:name="android.intent.action.BATTERY_LOW" />
78-->[androidx.work:work-runtime:2.2.0] AndroidManifest.xml:77:17-76
78-->[androidx.work:work-runtime:2.2.0] AndroidManifest.xml:77:25-73
79            </intent-filter>
80        </receiver>
81        <receiver
81-->[androidx.work:work-runtime:2.2.0] AndroidManifest.xml:80:9-90:20
82            android:name="androidx.work.impl.background.systemalarm.ConstraintProxy$StorageNotLowProxy"
82-->[androidx.work:work-runtime:2.2.0] AndroidManifest.xml:81:13-104
83            android:directBootAware="false"
83-->[androidx.work:work-runtime:2.2.0] AndroidManifest.xml:82:13-44
84            android:enabled="false"
84-->[androidx.work:work-runtime:2.2.0] AndroidManifest.xml:83:13-36
85            android:exported="false" >
85-->[androidx.work:work-runtime:2.2.0] AndroidManifest.xml:84:13-37
86            <intent-filter>
86-->[androidx.work:work-runtime:2.2.0] AndroidManifest.xml:86:13-89:29
87                <action android:name="android.intent.action.DEVICE_STORAGE_LOW" />
87-->[androidx.work:work-runtime:2.2.0] AndroidManifest.xml:87:17-83
87-->[androidx.work:work-runtime:2.2.0] AndroidManifest.xml:87:25-80
88                <action android:name="android.intent.action.DEVICE_STORAGE_OK" />
88-->[androidx.work:work-runtime:2.2.0] AndroidManifest.xml:88:17-82
88-->[androidx.work:work-runtime:2.2.0] AndroidManifest.xml:88:25-79
89            </intent-filter>
90        </receiver>
91        <receiver
91-->[androidx.work:work-runtime:2.2.0] AndroidManifest.xml:91:9-100:20
92            android:name="androidx.work.impl.background.systemalarm.ConstraintProxy$NetworkStateProxy"
92-->[androidx.work:work-runtime:2.2.0] AndroidManifest.xml:92:13-103
93            android:directBootAware="false"
93-->[androidx.work:work-runtime:2.2.0] AndroidManifest.xml:93:13-44
94            android:enabled="false"
94-->[androidx.work:work-runtime:2.2.0] AndroidManifest.xml:94:13-36
95            android:exported="false" >
95-->[androidx.work:work-runtime:2.2.0] AndroidManifest.xml:95:13-37
96            <intent-filter>
96-->[androidx.work:work-runtime:2.2.0] AndroidManifest.xml:97:13-99:29
97                <action android:name="android.net.conn.CONNECTIVITY_CHANGE" />
97-->[androidx.work:work-runtime:2.2.0] AndroidManifest.xml:98:17-79
97-->[androidx.work:work-runtime:2.2.0] AndroidManifest.xml:98:25-76
98            </intent-filter>
99        </receiver>
100        <receiver
100-->[androidx.work:work-runtime:2.2.0] AndroidManifest.xml:101:9-112:20
101            android:name="androidx.work.impl.background.systemalarm.RescheduleReceiver"
101-->[androidx.work:work-runtime:2.2.0] AndroidManifest.xml:102:13-88
102            android:directBootAware="false"
102-->[androidx.work:work-runtime:2.2.0] AndroidManifest.xml:103:13-44
103            android:enabled="false"
103-->[androidx.work:work-runtime:2.2.0] AndroidManifest.xml:104:13-36
104            android:exported="false" >
104-->[androidx.work:work-runtime:2.2.0] AndroidManifest.xml:105:13-37
105            <intent-filter>
105-->[androidx.work:work-runtime:2.2.0] AndroidManifest.xml:107:13-111:29
106                <action android:name="android.intent.action.BOOT_COMPLETED" />
106-->[androidx.work:work-runtime:2.2.0] AndroidManifest.xml:108:17-79
106-->[androidx.work:work-runtime:2.2.0] AndroidManifest.xml:108:25-76
107                <action android:name="android.intent.action.TIME_SET" />
107-->[androidx.work:work-runtime:2.2.0] AndroidManifest.xml:109:17-73
107-->[androidx.work:work-runtime:2.2.0] AndroidManifest.xml:109:25-70
108                <action android:name="android.intent.action.TIMEZONE_CHANGED" />
108-->[androidx.work:work-runtime:2.2.0] AndroidManifest.xml:110:17-81
108-->[androidx.work:work-runtime:2.2.0] AndroidManifest.xml:110:25-78
109            </intent-filter>
110        </receiver>
111        <receiver
111-->[androidx.work:work-runtime:2.2.0] AndroidManifest.xml:113:9-122:20
112            android:name="androidx.work.impl.background.systemalarm.ConstraintProxyUpdateReceiver"
112-->[androidx.work:work-runtime:2.2.0] AndroidManifest.xml:114:13-99
113            android:directBootAware="false"
113-->[androidx.work:work-runtime:2.2.0] AndroidManifest.xml:115:13-44
114            android:enabled="@bool/enable_system_alarm_service_default"
114-->[androidx.work:work-runtime:2.2.0] AndroidManifest.xml:116:13-72
115            android:exported="false" >
115-->[androidx.work:work-runtime:2.2.0] AndroidManifest.xml:117:13-37
116            <intent-filter>
116-->[androidx.work:work-runtime:2.2.0] AndroidManifest.xml:119:13-121:29
117                <action android:name="androidx.work.impl.background.systemalarm.UpdateProxies" />
117-->[androidx.work:work-runtime:2.2.0] AndroidManifest.xml:120:17-98
117-->[androidx.work:work-runtime:2.2.0] AndroidManifest.xml:120:25-95
118            </intent-filter>
119        </receiver>
120
121        <service
121-->[androidx.room:room-runtime:2.2.1] AndroidManifest.xml:25:9-27:40
122            android:name="androidx.room.MultiInstanceInvalidationService"
122-->[androidx.room:room-runtime:2.2.1] AndroidManifest.xml:26:13-74
123            android:exported="false" />
123-->[androidx.room:room-runtime:2.2.1] AndroidManifest.xml:27:13-37
124
125        <provider
125-->[androidx.lifecycle:lifecycle-process:2.2.0-rc02] AndroidManifest.xml:25:9-29:43
126            android:name="androidx.lifecycle.ProcessLifecycleOwnerInitializer"
126-->[androidx.lifecycle:lifecycle-process:2.2.0-rc02] AndroidManifest.xml:26:13-79
127            android:authorities="com.elitsa.libraries.cinemaapp.lifecycle-process"
127-->[androidx.lifecycle:lifecycle-process:2.2.0-rc02] AndroidManifest.xml:27:13-69
128            android:exported="false"
128-->[androidx.lifecycle:lifecycle-process:2.2.0-rc02] AndroidManifest.xml:28:13-37
129            android:multiprocess="true" />
129-->[androidx.lifecycle:lifecycle-process:2.2.0-rc02] AndroidManifest.xml:29:13-40
130    </application>
131
132</manifest>